{"/home/datux/projects/agents_workspaces/workstream-cockpit/backend/src/server.ts": {"path":"/home/datux/projects/agents_workspaces/workstream-cockpit/backend/src/server.ts","statementMap":{"0":{"start":{"line":1,"column":0},"end":{"line":1,"column":30}},"1":{"start":{"line":2,"column":0},"end":{"line":2,"column":24}},"2":{"start":{"line":3,"column":0},"end":{"line":3,"column":28}},"3":{"start":{"line":4,"column":0},"end":{"line":4,"column":28}},"4":{"start":{"line":5,"column":0},"end":{"line":5,"column":28}},"5":{"start":{"line":6,"column":0},"end":{"line":6,"column":41}},"6":{"start":{"line":7,"column":0},"end":{"line":7,"column":53}},"7":{"start":{"line":8,"column":0},"end":{"line":8,"column":61}},"8":{"start":{"line":9,"column":0},"end":{"line":9,"column":43}},"9":{"start":{"line":10,"column":0},"end":{"line":10,"column":39}},"10":{"start":{"line":11,"column":0},"end":{"line":11,"column":53}},"11":{"start":{"line":12,"column":0},"end":{"line":12,"column":57}},"12":{"start":{"line":13,"column":0},"end":{"line":13,"column":40}},"13":{"start":{"line":16,"column":0},"end":{"line":16,"column":16}},"14":{"start":{"line":18,"column":12},"end":{"line":18,"column":21}},"15":{"start":{"line":19,"column":13},"end":{"line":19,"column":37}},"16":{"start":{"line":22,"column":0},"end":{"line":22,"column":18}},"17":{"start":{"line":25,"column":0},"end":{"line":30,"column":2}},"18":{"start":{"line":33,"column":0},"end":{"line":33,"column":24}},"19":{"start":{"line":34,"column":0},"end":{"line":34,"column":48}},"20":{"start":{"line":37,"column":0},"end":{"line":37,"column":23}},"21":{"start":{"line":40,"column":0},"end":{"line":40,"column":31}},"22":{"start":{"line":41,"column":0},"end":{"line":41,"column":28}},"23":{"start":{"line":44,"column":0},"end":{"line":44,"column":27}},"24":{"start":{"line":47,"column":0},"end":{"line":47,"column":93}},"25":{"start":{"line":47,"column":59},"end":{"line":47,"column":86}},"26":{"start":{"line":50,"column":0},"end":{"line":50,"column":33}},"27":{"start":{"line":51,"column":0},"end":{"line":51,"column":29}},"28":{"start":{"line":52,"column":0},"end":{"line":52,"column":47}},"29":{"start":{"line":55,"column":0},"end":{"line":55,"column":22}},"30":{"start":{"line":58,"column":15},"end":{"line":61,"column":2}},"31":{"start":{"line":59,"column":2},"end":{"line":59,"column":48}},"32":{"start":{"line":60,"column":2},"end":{"line":60,"column":71}},"33":{"start":{"line":64,"column":0},"end":{"line":69,"column":3}},"34":{"start":{"line":65,"column":2},"end":{"line":65,"column":62}},"35":{"start":{"line":66,"column":2},"end":{"line":68,"column":5}},"36":{"start":{"line":67,"column":4},"end":{"line":67,"column":38}},"37":{"start":{"line":71,"column":0},"end":{"line":71,"column":19}}},"fnMap":{"0":{"name":"(anonymous_1)","decl":{"start":{"line":47,"column":46},"end":{"line":47,"column":47}},"loc":{"start":{"line":47,"column":59},"end":{"line":47,"column":86}}},"1":{"name":"(anonymous_2)","decl":{"start":{"line":58,"column":32},"end":{"line":58,"column":35}},"loc":{"start":{"line":58,"column":37},"end":{"line":61,"column":1}}},"2":{"name":"(anonymous_3)","decl":{"start":{"line":64,"column":22},"end":{"line":64,"column":25}},"loc":{"start":{"line":64,"column":27},"end":{"line":69,"column":1}}},"3":{"name":"(anonymous_4)","decl":{"start":{"line":66,"column":15},"end":{"line":66,"column":18}},"loc":{"start":{"line":66,"column":20},"end":{"line":68,"column":3}}}},"branchMap":{"0":{"loc":{"start":{"line":19,"column":13},"end":{"line":19,"column":37}},"type":"binary-expr","locations":[{"start":{"line":19,"column":13},"end":{"line":19,"column":29}},{"start":{"line":19,"column":33},"end":{"line":19,"column":37}}]},"1":{"loc":{"start":{"line":27,"column":12},"end":{"line":27,"column":62}},"type":"binary-expr","locations":[{"start":{"line":27,"column":12},"end":{"line":27,"column":35}},{"start":{"line":27,"column":39},"end":{"line":27,"column":62}}]},"2":{"loc":{"start":{"line":60,"column":30},"end":{"line":60,"column":67}},"type":"binary-expr","locations":[{"start":{"line":60,"column":30},"end":{"line":60,"column":50}},{"start":{"line":60,"column":54},"end":{"line":60,"column":67}}]}},"s":{"0":0,"1":0,"2":0,"3":0,"4":0,"5":0,"6":0,"7":0,"8":0,"9":0,"10":0,"11":0,"12":0,"13":0,"14":0,"15":0,"16":0,"17":0,"18":0,"19":0,"20":0,"21":0,"22":0,"23":0,"24":0,"25":0,"26":0,"27":0,"28":0,"29":0,"30":0,"31":0,"32":0,"33":0,"34":0,"35":0,"36":0,"37":0},"f":{"0":0,"1":0,"2":0,"3":0},"b":{"0":[0,0],"1":[0,0],"2":[0,0]}}
,"/home/datux/projects/agents_workspaces/workstream-cockpit/backend/src/config/passport.ts": {"path":"/home/datux/projects/agents_workspaces/workstream-cockpit/backend/src/config/passport.ts","statementMap":{"0":{"start":{"line":1,"column":0},"end":{"line":1,"column":32}},"1":{"start":{"line":2,"column":0},"end":{"line":2,"column":69}},"2":{"start":{"line":3,"column":0},"end":{"line":3,"column":62}},"3":{"start":{"line":4,"column":0},"end":{"line":4,"column":66}},"4":{"start":{"line":5,"column":0},"end":{"line":5,"column":59}},"5":{"start":{"line":6,"column":0},"end":{"line":6,"column":41}},"6":{"start":{"line":8,"column":0},"end":{"line":10,"column":1}},"7":{"start":{"line":9,"column":2},"end":{"line":9,"column":92}},"8":{"start":{"line":12,"column":20},"end":{"line":12,"column":99}},"9":{"start":{"line":14,"column":0},"end":{"line":54,"column":2}},"10":{"start":{"line":22,"column":6},"end":{"line":51,"column":7}},"11":{"start":{"line":24,"column":22},"end":{"line":24,"column":48}},"12":{"start":{"line":25,"column":21},"end":{"line":25,"column":40}},"13":{"start":{"line":27,"column":8},"end":{"line":29,"column":9}},"14":{"start":{"line":28,"column":10},"end":{"line":28,"column":69}},"15":{"start":{"line":32,"column":23},"end":{"line":32,"column":63}},"16":{"start":{"line":35,"column":42},"end":{"line":35,"column":84}},"17":{"start":{"line":36,"column":25},"end":{"line":36,"column":63}},"18":{"start":{"line":39,"column":8},"end":{"line":44,"column":9}},"19":{"start":{"line":40,"column":10},"end":{"line":40,"column":90}},"20":{"start":{"line":41,"column":33},"end":{"line":41,"column":70}},"21":{"start":{"line":42,"column":10},"end":{"line":42,"column":53}},"22":{"start":{"line":43,"column":10},"end":{"line":43,"column":76}},"23":{"start":{"line":47,"column":8},"end":{"line":47,"column":34}},"24":{"start":{"line":49,"column":8},"end":{"line":49,"column":63}},"25":{"start":{"line":50,"column":8},"end":{"line":50,"column":36}},"26":{"start":{"line":57,"column":0},"end":{"line":59,"column":3}},"27":{"start":{"line":58,"column":2},"end":{"line":58,"column":22}},"28":{"start":{"line":62,"column":0},"end":{"line":76,"column":3}},"29":{"start":{"line":63,"column":2},"end":{"line":75,"column":3}},"30":{"start":{"line":64,"column":31},"end":{"line":64,"column":72}},"31":{"start":{"line":65,"column":19},"end":{"line":65,"column":43}},"32":{"start":{"line":67,"column":4},"end":{"line":69,"column":5}},"33":{"start":{"line":68,"column":6},"end":{"line":68,"column":47}},"34":{"start":{"line":71,"column":4},"end":{"line":71,"column":23}},"35":{"start":{"line":73,"column":4},"end":{"line":73,"column":53}},"36":{"start":{"line":74,"column":4},"end":{"line":74,"column":16}},"37":{"start":{"line":78,"column":0},"end":{"line":78,"column":24}}},"fnMap":{"0":{"name":"(anonymous_10)","decl":{"start":{"line":21,"column":4},"end":{"line":21,"column":9}},"loc":{"start":{"line":21,"column":57},"end":{"line":52,"column":5}}},"1":{"name":"(anonymous_11)","decl":{"start":{"line":35,"column":42},"end":{"line":35,"column":55}},"loc":{"start":{"line":35,"column":42},"end":{"line":35,"column":84}}},"2":{"name":"(anonymous_12)","decl":{"start":{"line":57,"column":23},"end":{"line":57,"column":24}},"loc":{"start":{"line":57,"column":43},"end":{"line":59,"column":1}}},"3":{"name":"(anonymous_13)","decl":{"start":{"line":62,"column":25},"end":{"line":62,"column":30}},"loc":{"start":{"line":62,"column":52},"end":{"line":76,"column":1}}},"4":{"name":"(anonymous_14)","decl":{"start":{"line":64,"column":31},"end":{"line":64,"column":44}},"loc":{"start":{"line":64,"column":31},"end":{"line":64,"column":72}}}},"branchMap":{"0":{"loc":{"start":{"line":8,"column":0},"end":{"line":10,"column":1}},"type":"if","locations":[{"start":{"line":8,"column":0},"end":{"line":10,"column":1}}]},"1":{"loc":{"start":{"line":8,"column":4},"end":{"line":8,"column":70}},"type":"binary-expr","locations":[{"start":{"line":8,"column":4},"end":{"line":8,"column":33}},{"start":{"line":8,"column":37},"end":{"line":8,"column":70}}]},"2":{"loc":{"start":{"line":12,"column":20},"end":{"line":12,"column":99}},"type":"binary-expr","locations":[{"start":{"line":12,"column":20},"end":{"line":12,"column":51}},{"start":{"line":12,"column":55},"end":{"line":12,"column":99}}]},"3":{"loc":{"start":{"line":27,"column":8},"end":{"line":29,"column":9}},"type":"if","locations":[{"start":{"line":27,"column":8},"end":{"line":29,"column":9}}]},"4":{"loc":{"start":{"line":39,"column":8},"end":{"line":44,"column":9}},"type":"if","locations":[{"start":{"line":39,"column":8},"end":{"line":44,"column":9}}]},"5":{"loc":{"start":{"line":67,"column":4},"end":{"line":69,"column":5}},"type":"if","locations":[{"start":{"line":67,"column":4},"end":{"line":69,"column":5}}]}},"s":{"0":1,"1":1,"2":1,"3":1,"4":1,"5":1,"6":1,"7":0,"8":1,"9":1,"10":0,"11":0,"12":0,"13":0,"14":0,"15":0,"16":0,"17":0,"18":0,"19":0,"20":0,"21":0,"22":0,"23":0,"24":0,"25":0,"26":1,"27":0,"28":1,"29":0,"30":0,"31":0,"32":0,"33":0,"34":0,"35":0,"36":0,"37":1},"f":{"0":0,"1":0,"2":0,"3":0,"4":0},"b":{"0":[0],"1":[1,1],"2":[1,0],"3":[0],"4":[0],"5":[0]}}
,"/home/datux/projects/agents_workspaces/workstream-cockpit/backend/src/middleware/auth.ts": {"path":"/home/datux/projects/agents_workspaces/workstream-cockpit/backend/src/middleware/auth.ts","statementMap":{"0":{"start":{"line":6,"column":0},"end":{"line":6,"column":16}},"1":{"start":{"line":20,"column":0},"end":{"line":20,"column":16}},"2":{"start":{"line":7,"column":2},"end":{"line":9,"column":3}},"3":{"start":{"line":8,"column":4},"end":{"line":8,"column":18}},"4":{"start":{"line":11,"column":2},"end":{"line":14,"column":5}},"5":{"start":{"line":23,"column":2},"end":{"line":23,"column":9}}},"fnMap":{"0":{"name":"requireAuth","decl":{"start":{"line":6,"column":16},"end":{"line":6,"column":27}},"loc":{"start":{"line":6,"column":75},"end":{"line":15,"column":1}}},"1":{"name":"attachAuth","decl":{"start":{"line":20,"column":16},"end":{"line":20,"column":26}},"loc":{"start":{"line":20,"column":76},"end":{"line":24,"column":1}}}},"branchMap":{"0":{"loc":{"start":{"line":7,"column":2},"end":{"line":9,"column":3}},"type":"if","locations":[{"start":{"line":7,"column":2},"end":{"line":9,"column":3}}]}},"s":{"0":0,"1":0,"2":0,"3":0,"4":0,"5":0},"f":{"0":0,"1":0},"b":{"0":[0]}}
,"/home/datux/projects/agents_workspaces/workstream-cockpit/backend/src/middleware/errorHandler.ts": {"path":"/home/datux/projects/agents_workspaces/workstream-cockpit/backend/src/middleware/errorHandler.ts","statementMap":{"0":{"start":{"line":2,"column":0},"end":{"line":2,"column":41}},"1":{"start":{"line":9,"column":4},"end":{"line":9,"column":19}},"2":{"start":{"line":10,"column":4},"end":{"line":10,"column":33}},"3":{"start":{"line":11,"column":4},"end":{"line":11,"column":30}},"4":{"start":{"line":12,"column":4},"end":{"line":12,"column":52}},"5":{"start":{"line":4,"column":0},"end":{"line":4,"column":13}},"6":{"start":{"line":16,"column":28},"end":{"line":40,"column":1}},"7":{"start":{"line":22,"column":2},"end":{"line":28,"column":3}},"8":{"start":{"line":23,"column":4},"end":{"line":23,"column":92}},"9":{"start":{"line":24,"column":4},"end":{"line":27,"column":7}},"10":{"start":{"line":31,"column":2},"end":{"line":31,"column":76}},"11":{"start":{"line":32,"column":2},"end":{"line":34,"column":3}},"12":{"start":{"line":33,"column":4},"end":{"line":33,"column":28}},"13":{"start":{"line":36,"column":2},"end":{"line":39,"column":5}},"14":{"start":{"line":16,"column":13},"end":{"line":16,"column":28}}},"fnMap":{"0":{"name":"(anonymous_0)","decl":{"start":{"line":8,"column":2},"end":{"line":8,"column":14}},"loc":{"start":{"line":8,"column":49},"end":{"line":13,"column":3}}},"1":{"name":"(anonymous_1)","decl":{"start":{"line":16,"column":28},"end":{"line":16,"column":null}},"loc":{"start":{"line":21,"column":4},"end":{"line":40,"column":1}}}},"branchMap":{"0":{"loc":{"start":{"line":22,"column":2},"end":{"line":28,"column":3}},"type":"if","locations":[{"start":{"line":22,"column":2},"end":{"line":28,"column":3}}]},"1":{"loc":{"start":{"line":32,"column":2},"end":{"line":34,"column":3}},"type":"if","locations":[{"start":{"line":32,"column":2},"end":{"line":34,"column":3}}]}},"s":{"0":0,"1":0,"2":0,"3":0,"4":0,"5":0,"6":0,"7":0,"8":0,"9":0,"10":0,"11":0,"12":0,"13":0,"14":0},"f":{"0":0,"1":0},"b":{"0":[0],"1":[0]}}
,"/home/datux/projects/agents_workspaces/workstream-cockpit/backend/src/middleware/session.ts": {"path":"/home/datux/projects/agents_workspaces/workstream-cockpit/backend/src/middleware/session.ts","statementMap":{"0":{"start":{"line":1,"column":0},"end":{"line":1,"column":38}},"1":{"start":{"line":3,"column":0},"end":{"line":5,"column":1}},"2":{"start":{"line":4,"column":2},"end":{"line":4,"column":69}},"3":{"start":{"line":7,"column":24},"end":{"line":7,"column":48}},"4":{"start":{"line":9,"column":13},"end":{"line":20,"column":3}}},"fnMap":{},"branchMap":{"0":{"loc":{"start":{"line":3,"column":0},"end":{"line":5,"column":1}},"type":"if","locations":[{"start":{"line":3,"column":0},"end":{"line":5,"column":1}}]},"1":{"loc":{"start":{"line":17,"column":14},"end":{"line":17,"column":67}},"type":"cond-expr","locations":[{"start":{"line":17,"column":54},"end":{"line":17,"column":59}},{"start":{"line":17,"column":62},"end":{"line":17,"column":67}}]}},"s":{"0":0,"1":0,"2":0,"3":0,"4":0},"f":{},"b":{"0":[0],"1":[0,0]}}
,"/home/datux/projects/agents_workspaces/workstream-cockpit/backend/src/middleware/userContext.ts": {"path":"/home/datux/projects/agents_workspaces/workstream-cockpit/backend/src/middleware/userContext.ts","statementMap":{"0":{"start":{"line":20,"column":0},"end":{"line":20,"column":16}},"1":{"start":{"line":39,"column":0},"end":{"line":39,"column":16}},"2":{"start":{"line":21,"column":2},"end":{"line":23,"column":3}},"3":{"start":{"line":22,"column":4},"end":{"line":22,"column":18}},"4":{"start":{"line":25,"column":17},"end":{"line":25,"column":35}},"5":{"start":{"line":27,"column":2},"end":{"line":30,"column":4}},"6":{"start":{"line":32,"column":2},"end":{"line":32,"column":9}},"7":{"start":{"line":40,"column":2},"end":{"line":45,"column":3}},"8":{"start":{"line":41,"column":4},"end":{"line":44,"column":7}},"9":{"start":{"line":47,"column":2},"end":{"line":47,"column":9}}},"fnMap":{"0":{"name":"attachUserContext","decl":{"start":{"line":20,"column":16},"end":{"line":20,"column":33}},"loc":{"start":{"line":20,"column":82},"end":{"line":33,"column":1}}},"1":{"name":"requireUserContext","decl":{"start":{"line":39,"column":16},"end":{"line":39,"column":34}},"loc":{"start":{"line":39,"column":82},"end":{"line":48,"column":1}}}},"branchMap":{"0":{"loc":{"start":{"line":21,"column":2},"end":{"line":23,"column":3}},"type":"if","locations":[{"start":{"line":21,"column":2},"end":{"line":23,"column":3}}]},"1":{"loc":{"start":{"line":21,"column":6},"end":{"line":21,"column":41}},"type":"binary-expr","locations":[{"start":{"line":21,"column":6},"end":{"line":21,"column":28}},{"start":{"line":21,"column":32},"end":{"line":21,"column":41}}]},"2":{"loc":{"start":{"line":40,"column":2},"end":{"line":45,"column":3}},"type":"if","locations":[{"start":{"line":40,"column":2},"end":{"line":45,"column":3}}]}},"s":{"0":1,"1":1,"2":0,"3":0,"4":0,"5":0,"6":0,"7":35,"8":0,"9":35},"f":{"0":0,"1":35},"b":{"0":[0],"1":[0,0],"2":[0]}}
,"/home/datux/projects/agents_workspaces/workstream-cockpit/backend/src/routes/auth.ts": {"path":"/home/datux/projects/agents_workspaces/workstream-cockpit/backend/src/routes/auth.ts","statementMap":{"0":{"start":{"line":1,"column":0},"end":{"line":1,"column":33}},"1":{"start":{"line":2,"column":0},"end":{"line":2,"column":42}},"2":{"start":{"line":3,"column":0},"end":{"line":3,"column":41}},"3":{"start":{"line":5,"column":15},"end":{"line":5,"column":23}},"4":{"start":{"line":11,"column":0},"end":{"line":13,"column":4}},"5":{"start":{"line":19,"column":0},"end":{"line":29,"column":2}},"6":{"start":{"line":24,"column":4},"end":{"line":24,"column":79}},"7":{"start":{"line":26,"column":24},"end":{"line":26,"column":75}},"8":{"start":{"line":27,"column":4},"end":{"line":27,"column":36}},"9":{"start":{"line":35,"column":0},"end":{"line":47,"column":3}},"10":{"start":{"line":36,"column":2},"end":{"line":39,"column":3}},"11":{"start":{"line":37,"column":4},"end":{"line":37,"column":57}},"12":{"start":{"line":38,"column":4},"end":{"line":38,"column":11}},"13":{"start":{"line":41,"column":15},"end":{"line":41,"column":30}},"14":{"start":{"line":42,"column":2},"end":{"line":46,"column":5}},"15":{"start":{"line":53,"column":0},"end":{"line":66,"column":3}},"16":{"start":{"line":54,"column":15},"end":{"line":54,"column":30}},"17":{"start":{"line":56,"column":2},"end":{"line":65,"column":5}},"18":{"start":{"line":57,"column":4},"end":{"line":61,"column":5}},"19":{"start":{"line":58,"column":6},"end":{"line":58,"column":48}},"20":{"start":{"line":59,"column":6},"end":{"line":59,"column":55}},"21":{"start":{"line":60,"column":6},"end":{"line":60,"column":13}},"22":{"start":{"line":63,"column":4},"end":{"line":63,"column":50}},"23":{"start":{"line":64,"column":4},"end":{"line":64,"column":53}},"24":{"start":{"line":68,"column":0},"end":{"line":68,"column":22}}},"fnMap":{"0":{"name":"(anonymous_1)","decl":{"start":{"line":22,"column":2},"end":{"line":22,"column":3}},"loc":{"start":{"line":22,"column":15},"end":{"line":28,"column":3}}},"1":{"name":"(anonymous_2)","decl":{"start":{"line":35,"column":20},"end":{"line":35,"column":21}},"loc":{"start":{"line":35,"column":39},"end":{"line":47,"column":1}}},"2":{"name":"(anonymous_3)","decl":{"start":{"line":53,"column":23},"end":{"line":53,"column":24}},"loc":{"start":{"line":53,"column":42},"end":{"line":66,"column":1}}},"3":{"name":"(anonymous_4)","decl":{"start":{"line":56,"column":13},"end":{"line":56,"column":14}},"loc":{"start":{"line":56,"column":21},"end":{"line":65,"column":3}}}},"branchMap":{"0":{"loc":{"start":{"line":26,"column":24},"end":{"line":26,"column":75}},"type":"binary-expr","locations":[{"start":{"line":26,"column":24},"end":{"line":26,"column":48}},{"start":{"line":26,"column":52},"end":{"line":26,"column":75}}]},"1":{"loc":{"start":{"line":36,"column":2},"end":{"line":39,"column":3}},"type":"if","locations":[{"start":{"line":36,"column":2},"end":{"line":39,"column":3}}]},"2":{"loc":{"start":{"line":57,"column":4},"end":{"line":61,"column":5}},"type":"if","locations":[{"start":{"line":57,"column":4},"end":{"line":61,"column":5}}]}},"s":{"0":1,"1":1,"2":1,"3":1,"4":1,"5":1,"6":0,"7":0,"8":0,"9":1,"10":2,"11":2,"12":2,"13":0,"14":0,"15":1,"16":1,"17":1,"18":1,"19":0,"20":0,"21":0,"22":1,"23":1,"24":1},"f":{"0":0,"1":2,"2":1,"3":1},"b":{"0":[0,0],"1":[2],"2":[0]}}
,"/home/datux/projects/agents_workspaces/workstream-cockpit/backend/src/routes/health.ts": {"path":"/home/datux/projects/agents_workspaces/workstream-cockpit/backend/src/routes/health.ts","statementMap":{"0":{"start":{"line":1,"column":0},"end":{"line":1,"column":52}},"1":{"start":{"line":2,"column":0},"end":{"line":2,"column":37}},"2":{"start":{"line":4,"column":15},"end":{"line":4,"column":23}},"3":{"start":{"line":6,"column":0},"end":{"line":25,"column":3}},"4":{"start":{"line":7,"column":2},"end":{"line":24,"column":3}},"5":{"start":{"line":9,"column":4},"end":{"line":9,"column":37}},"6":{"start":{"line":11,"column":4},"end":{"line":16,"column":7}},"7":{"start":{"line":18,"column":4},"end":{"line":23,"column":7}},"8":{"start":{"line":27,"column":0},"end":{"line":27,"column":22}}},"fnMap":{"0":{"name":"(anonymous_0)","decl":{"start":{"line":6,"column":16},"end":{"line":6,"column":21}},"loc":{"start":{"line":6,"column":55},"end":{"line":25,"column":1}}}},"branchMap":{},"s":{"0":0,"1":0,"2":0,"3":0,"4":0,"5":0,"6":0,"7":0,"8":0},"f":{"0":0},"b":{}}
,"/home/datux/projects/agents_workspaces/workstream-cockpit/backend/src/routes/workstreams.ts": {"path":"/home/datux/projects/agents_workspaces/workstream-cockpit/backend/src/routes/workstreams.ts","statementMap":{"0":{"start":{"line":1,"column":0},"end":{"line":1,"column":52}},"1":{"start":{"line":2,"column":0},"end":{"line":2,"column":63}},"2":{"start":{"line":3,"column":0},"end":{"line":3,"column":67}},"3":{"start":{"line":4,"column":0},"end":{"line":4,"column":null}},"4":{"start":{"line":13,"column":0},"end":{"line":13,"column":41}},"5":{"start":{"line":15,"column":15},"end":{"line":15,"column":23}},"6":{"start":{"line":18,"column":0},"end":{"line":18,"column":31}},"7":{"start":{"line":26,"column":0},"end":{"line":47,"column":3}},"8":{"start":{"line":27,"column":2},"end":{"line":46,"column":3}},"9":{"start":{"line":28,"column":21},"end":{"line":28,"column":46}},"10":{"start":{"line":29,"column":18},"end":{"line":29,"column":68}},"11":{"start":{"line":32,"column":21},"end":{"line":32,"column":58}},"12":{"start":{"line":34,"column":4},"end":{"line":37,"column":5}},"13":{"start":{"line":35,"column":6},"end":{"line":35,"column":19}},"14":{"start":{"line":36,"column":6},"end":{"line":36,"column":13}},"15":{"start":{"line":39,"column":22},"end":{"line":39,"column":36}},"16":{"start":{"line":40,"column":24},"end":{"line":40,"column":62}},"17":{"start":{"line":42,"column":4},"end":{"line":42,"column":26}},"18":{"start":{"line":44,"column":4},"end":{"line":44,"column":55}},"19":{"start":{"line":45,"column":4},"end":{"line":45,"column":67}},"20":{"start":{"line":53,"column":0},"end":{"line":79,"column":3}},"21":{"start":{"line":54,"column":2},"end":{"line":78,"column":3}},"22":{"start":{"line":55,"column":21},"end":{"line":55,"column":46}},"23":{"start":{"line":56,"column":25},"end":{"line":56,"column":38}},"24":{"start":{"line":59,"column":21},"end":{"line":59,"column":58}},"25":{"start":{"line":61,"column":4},"end":{"line":64,"column":5}},"26":{"start":{"line":62,"column":6},"end":{"line":62,"column":62}},"27":{"start":{"line":63,"column":6},"end":{"line":63,"column":13}},"28":{"start":{"line":66,"column":22},"end":{"line":66,"column":36}},"29":{"start":{"line":67,"column":23},"end":{"line":67,"column":71}},"30":{"start":{"line":69,"column":4},"end":{"line":72,"column":5}},"31":{"start":{"line":70,"column":6},"end":{"line":70,"column":62}},"32":{"start":{"line":71,"column":6},"end":{"line":71,"column":13}},"33":{"start":{"line":74,"column":4},"end":{"line":74,"column":25}},"34":{"start":{"line":76,"column":4},"end":{"line":76,"column":54}},"35":{"start":{"line":77,"column":4},"end":{"line":77,"column":66}},"36":{"start":{"line":85,"column":0},"end":{"line":139,"column":3}},"37":{"start":{"line":86,"column":2},"end":{"line":138,"column":3}},"38":{"start":{"line":87,"column":21},"end":{"line":87,"column":46}},"39":{"start":{"line":88,"column":65},"end":{"line":88,"column":73}},"40":{"start":{"line":91,"column":4},"end":{"line":94,"column":5}},"41":{"start":{"line":92,"column":6},"end":{"line":92,"column":69}},"42":{"start":{"line":93,"column":6},"end":{"line":93,"column":13}},"43":{"start":{"line":96,"column":4},"end":{"line":99,"column":5}},"44":{"start":{"line":97,"column":6},"end":{"line":97,"column":88}},"45":{"start":{"line":98,"column":6},"end":{"line":98,"column":13}},"46":{"start":{"line":101,"column":4},"end":{"line":104,"column":5}},"47":{"start":{"line":102,"column":6},"end":{"line":102,"column":81}},"48":{"start":{"line":103,"column":6},"end":{"line":103,"column":13}},"49":{"start":{"line":106,"column":4},"end":{"line":109,"column":5}},"50":{"start":{"line":107,"column":6},"end":{"line":107,"column":87}},"51":{"start":{"line":108,"column":6},"end":{"line":108,"column":13}},"52":{"start":{"line":111,"column":4},"end":{"line":114,"column":5}},"53":{"start":{"line":112,"column":6},"end":{"line":112,"column":86}},"54":{"start":{"line":113,"column":6},"end":{"line":113,"column":13}},"55":{"start":{"line":117,"column":21},"end":{"line":117,"column":58}},"56":{"start":{"line":119,"column":4},"end":{"line":122,"column":5}},"57":{"start":{"line":120,"column":6},"end":{"line":120,"column":67}},"58":{"start":{"line":121,"column":6},"end":{"line":121,"column":13}},"59":{"start":{"line":124,"column":22},"end":{"line":124,"column":36}},"60":{"start":{"line":125,"column":23},"end":{"line":132,"column":6}},"61":{"start":{"line":134,"column":4},"end":{"line":134,"column":37}},"62":{"start":{"line":136,"column":4},"end":{"line":136,"column":54}},"63":{"start":{"line":137,"column":4},"end":{"line":137,"column":67}},"64":{"start":{"line":145,"column":0},"end":{"line":195,"column":3}},"65":{"start":{"line":146,"column":2},"end":{"line":194,"column":3}},"66":{"start":{"line":147,"column":21},"end":{"line":147,"column":46}},"67":{"start":{"line":148,"column":25},"end":{"line":148,"column":38}},"68":{"start":{"line":149,"column":37},"end":{"line":149,"column":45}},"69":{"start":{"line":152,"column":4},"end":{"line":162,"column":5}},"70":{"start":{"line":153,"column":6},"end":{"line":156,"column":7}},"71":{"start":{"line":154,"column":8},"end":{"line":154,"column":75}},"72":{"start":{"line":155,"column":8},"end":{"line":155,"column":15}},"73":{"start":{"line":158,"column":6},"end":{"line":161,"column":7}},"74":{"start":{"line":159,"column":8},"end":{"line":159,"column":90}},"75":{"start":{"line":160,"column":8},"end":{"line":160,"column":15}},"76":{"start":{"line":164,"column":4},"end":{"line":167,"column":5}},"77":{"start":{"line":165,"column":6},"end":{"line":165,"column":81}},"78":{"start":{"line":166,"column":6},"end":{"line":166,"column":13}},"79":{"start":{"line":170,"column":21},"end":{"line":170,"column":58}},"80":{"start":{"line":172,"column":4},"end":{"line":175,"column":5}},"81":{"start":{"line":173,"column":6},"end":{"line":173,"column":62}},"82":{"start":{"line":174,"column":6},"end":{"line":174,"column":13}},"83":{"start":{"line":177,"column":22},"end":{"line":177,"column":36}},"84":{"start":{"line":178,"column":25},"end":{"line":178,"column":27}},"85":{"start":{"line":180,"column":4},"end":{"line":180,"column":55}},"86":{"start":{"line":180,"column":28},"end":{"line":180,"column":55}},"87":{"start":{"line":181,"column":4},"end":{"line":181,"column":51}},"88":{"start":{"line":181,"column":29},"end":{"line":181,"column":51}},"89":{"start":{"line":182,"column":4},"end":{"line":182,"column":57}},"90":{"start":{"line":182,"column":31},"end":{"line":182,"column":57}},"91":{"start":{"line":184,"column":23},"end":{"line":184,"column":79}},"92":{"start":{"line":186,"column":4},"end":{"line":186,"column":25}},"93":{"start":{"line":188,"column":4},"end":{"line":191,"column":5}},"94":{"start":{"line":189,"column":6},"end":{"line":189,"column":62}},"95":{"start":{"line":190,"column":6},"end":{"line":190,"column":13}},"96":{"start":{"line":192,"column":4},"end":{"line":192,"column":54}},"97":{"start":{"line":193,"column":4},"end":{"line":193,"column":67}},"98":{"start":{"line":201,"column":0},"end":{"line":226,"column":3}},"99":{"start":{"line":202,"column":2},"end":{"line":225,"column":3}},"100":{"start":{"line":203,"column":21},"end":{"line":203,"column":46}},"101":{"start":{"line":204,"column":25},"end":{"line":204,"column":38}},"102":{"start":{"line":207,"column":21},"end":{"line":207,"column":58}},"103":{"start":{"line":209,"column":4},"end":{"line":212,"column":5}},"104":{"start":{"line":210,"column":6},"end":{"line":210,"column":62}},"105":{"start":{"line":211,"column":6},"end":{"line":211,"column":13}},"106":{"start":{"line":214,"column":22},"end":{"line":214,"column":36}},"107":{"start":{"line":215,"column":23},"end":{"line":215,"column":69}},"108":{"start":{"line":217,"column":4},"end":{"line":217,"column":25}},"109":{"start":{"line":219,"column":4},"end":{"line":222,"column":5}},"110":{"start":{"line":220,"column":6},"end":{"line":220,"column":62}},"111":{"start":{"line":221,"column":6},"end":{"line":221,"column":13}},"112":{"start":{"line":223,"column":4},"end":{"line":223,"column":53}},"113":{"start":{"line":224,"column":4},"end":{"line":224,"column":66}},"114":{"start":{"line":232,"column":0},"end":{"line":257,"column":3}},"115":{"start":{"line":233,"column":2},"end":{"line":256,"column":3}},"116":{"start":{"line":234,"column":21},"end":{"line":234,"column":46}},"117":{"start":{"line":235,"column":25},"end":{"line":235,"column":38}},"118":{"start":{"line":238,"column":21},"end":{"line":238,"column":58}},"119":{"start":{"line":240,"column":4},"end":{"line":243,"column":5}},"120":{"start":{"line":241,"column":6},"end":{"line":241,"column":62}},"121":{"start":{"line":242,"column":6},"end":{"line":242,"column":13}},"122":{"start":{"line":245,"column":22},"end":{"line":245,"column":36}},"123":{"start":{"line":246,"column":23},"end":{"line":246,"column":70}},"124":{"start":{"line":248,"column":4},"end":{"line":248,"column":25}},"125":{"start":{"line":250,"column":4},"end":{"line":253,"column":5}},"126":{"start":{"line":251,"column":6},"end":{"line":251,"column":62}},"127":{"start":{"line":252,"column":6},"end":{"line":252,"column":13}},"128":{"start":{"line":254,"column":4},"end":{"line":254,"column":55}},"129":{"start":{"line":255,"column":4},"end":{"line":255,"column":67}},"130":{"start":{"line":263,"column":0},"end":{"line":288,"column":3}},"131":{"start":{"line":264,"column":2},"end":{"line":287,"column":3}},"132":{"start":{"line":265,"column":21},"end":{"line":265,"column":46}},"133":{"start":{"line":266,"column":25},"end":{"line":266,"column":38}},"134":{"start":{"line":269,"column":21},"end":{"line":269,"column":58}},"135":{"start":{"line":271,"column":4},"end":{"line":274,"column":5}},"136":{"start":{"line":272,"column":6},"end":{"line":272,"column":62}},"137":{"start":{"line":273,"column":6},"end":{"line":273,"column":13}},"138":{"start":{"line":276,"column":22},"end":{"line":276,"column":36}},"139":{"start":{"line":277,"column":4},"end":{"line":277,"column":52}},"140":{"start":{"line":279,"column":4},"end":{"line":279,"column":27}},"141":{"start":{"line":281,"column":4},"end":{"line":284,"column":5}},"142":{"start":{"line":282,"column":6},"end":{"line":282,"column":62}},"143":{"start":{"line":283,"column":6},"end":{"line":283,"column":13}},"144":{"start":{"line":285,"column":4},"end":{"line":285,"column":54}},"145":{"start":{"line":286,"column":4},"end":{"line":286,"column":67}},"146":{"start":{"line":290,"column":0},"end":{"line":290,"column":22}}},"fnMap":{"0":{"name":"(anonymous_0)","decl":{"start":{"line":26,"column":16},"end":{"line":26,"column":21}},"loc":{"start":{"line":26,"column":69},"end":{"line":47,"column":1}}},"1":{"name":"(anonymous_1)","decl":{"start":{"line":53,"column":19},"end":{"line":53,"column":24}},"loc":{"start":{"line":53,"column":72},"end":{"line":79,"column":1}}},"2":{"name":"(anonymous_2)","decl":{"start":{"line":85,"column":17},"end":{"line":85,"column":22}},"loc":{"start":{"line":85,"column":70},"end":{"line":139,"column":1}}},"3":{"name":"(anonymous_3)","decl":{"start":{"line":145,"column":19},"end":{"line":145,"column":24}},"loc":{"start":{"line":145,"column":72},"end":{"line":195,"column":1}}},"4":{"name":"(anonymous_4)","decl":{"start":{"line":201,"column":25},"end":{"line":201,"column":30}},"loc":{"start":{"line":201,"column":78},"end":{"line":226,"column":1}}},"5":{"name":"(anonymous_5)","decl":{"start":{"line":232,"column":26},"end":{"line":232,"column":31}},"loc":{"start":{"line":232,"column":79},"end":{"line":257,"column":1}}},"6":{"name":"(anonymous_6)","decl":{"start":{"line":263,"column":22},"end":{"line":263,"column":27}},"loc":{"start":{"line":263,"column":75},"end":{"line":288,"column":1}}}},"branchMap":{"0":{"loc":{"start":{"line":34,"column":4},"end":{"line":37,"column":5}},"type":"if","locations":[{"start":{"line":34,"column":4},"end":{"line":37,"column":5}}]},"1":{"loc":{"start":{"line":61,"column":4},"end":{"line":64,"column":5}},"type":"if","locations":[{"start":{"line":61,"column":4},"end":{"line":64,"column":5}}]},"2":{"loc":{"start":{"line":69,"column":4},"end":{"line":72,"column":5}},"type":"if","locations":[{"start":{"line":69,"column":4},"end":{"line":72,"column":5}}]},"3":{"loc":{"start":{"line":91,"column":4},"end":{"line":94,"column":5}},"type":"if","locations":[{"start":{"line":91,"column":4},"end":{"line":94,"column":5}}]},"4":{"loc":{"start":{"line":91,"column":8},"end":{"line":91,"column":69}},"type":"binary-expr","locations":[{"start":{"line":91,"column":8},"end":{"line":91,"column":13}},{"start":{"line":91,"column":17},"end":{"line":91,"column":41}},{"start":{"line":91,"column":45},"end":{"line":91,"column":69}}]},"5":{"loc":{"start":{"line":96,"column":4},"end":{"line":99,"column":5}},"type":"if","locations":[{"start":{"line":96,"column":4},"end":{"line":99,"column":5}}]},"6":{"loc":{"start":{"line":101,"column":4},"end":{"line":104,"column":5}},"type":"if","locations":[{"start":{"line":101,"column":4},"end":{"line":104,"column":5}}]},"7":{"loc":{"start":{"line":101,"column":8},"end":{"line":101,"column":40}},"type":"binary-expr","locations":[{"start":{"line":101,"column":8},"end":{"line":101,"column":15}},{"start":{"line":101,"column":19},"end":{"line":101,"column":40}}]},"8":{"loc":{"start":{"line":106,"column":4},"end":{"line":109,"column":5}},"type":"if","locations":[{"start":{"line":106,"column":4},"end":{"line":109,"column":5}}]},"9":{"loc":{"start":{"line":106,"column":8},"end":{"line":106,"column":51}},"type":"binary-expr","locations":[{"start":{"line":106,"column":8},"end":{"line":106,"column":21}},{"start":{"line":106,"column":25},"end":{"line":106,"column":51}}]},"10":{"loc":{"start":{"line":111,"column":4},"end":{"line":114,"column":5}},"type":"if","locations":[{"start":{"line":111,"column":4},"end":{"line":114,"column":5}}]},"11":{"loc":{"start":{"line":111,"column":8},"end":{"line":111,"column":48}},"type":"binary-expr","locations":[{"start":{"line":111,"column":8},"end":{"line":111,"column":19}},{"start":{"line":111,"column":23},"end":{"line":111,"column":48}}]},"12":{"loc":{"start":{"line":119,"column":4},"end":{"line":122,"column":5}},"type":"if","locations":[{"start":{"line":119,"column":4},"end":{"line":122,"column":5}}]},"13":{"loc":{"start":{"line":152,"column":4},"end":{"line":162,"column":5}},"type":"if","locations":[{"start":{"line":152,"column":4},"end":{"line":162,"column":5}}]},"14":{"loc":{"start":{"line":153,"column":6},"end":{"line":156,"column":7}},"type":"if","locations":[{"start":{"line":153,"column":6},"end":{"line":156,"column":7}}]},"15":{"loc":{"start":{"line":153,"column":10},"end":{"line":153,"column":62}},"type":"binary-expr","locations":[{"start":{"line":153,"column":10},"end":{"line":153,"column":34}},{"start":{"line":153,"column":38},"end":{"line":153,"column":62}}]},"16":{"loc":{"start":{"line":158,"column":6},"end":{"line":161,"column":7}},"type":"if","locations":[{"start":{"line":158,"column":6},"end":{"line":161,"column":7}}]},"17":{"loc":{"start":{"line":164,"column":4},"end":{"line":167,"column":5}},"type":"if","locations":[{"start":{"line":164,"column":4},"end":{"line":167,"column":5}}]},"18":{"loc":{"start":{"line":164,"column":8},"end":{"line":164,"column":74}},"type":"binary-expr","locations":[{"start":{"line":164,"column":8},"end":{"line":164,"column":29}},{"start":{"line":164,"column":33},"end":{"line":164,"column":49}},{"start":{"line":164,"column":53},"end":{"line":164,"column":74}}]},"19":{"loc":{"start":{"line":172,"column":4},"end":{"line":175,"column":5}},"type":"if","locations":[{"start":{"line":172,"column":4},"end":{"line":175,"column":5}}]},"20":{"loc":{"start":{"line":180,"column":4},"end":{"line":180,"column":55}},"type":"if","locations":[{"start":{"line":180,"column":4},"end":{"line":180,"column":55}}]},"21":{"loc":{"start":{"line":181,"column":4},"end":{"line":181,"column":51}},"type":"if","locations":[{"start":{"line":181,"column":4},"end":{"line":181,"column":51}}]},"22":{"loc":{"start":{"line":182,"column":4},"end":{"line":182,"column":57}},"type":"if","locations":[{"start":{"line":182,"column":4},"end":{"line":182,"column":57}}]},"23":{"loc":{"start":{"line":188,"column":4},"end":{"line":191,"column":5}},"type":"if","locations":[{"start":{"line":188,"column":4},"end":{"line":191,"column":5}}]},"24":{"loc":{"start":{"line":209,"column":4},"end":{"line":212,"column":5}},"type":"if","locations":[{"start":{"line":209,"column":4},"end":{"line":212,"column":5}}]},"25":{"loc":{"start":{"line":219,"column":4},"end":{"line":222,"column":5}},"type":"if","locations":[{"start":{"line":219,"column":4},"end":{"line":222,"column":5}}]},"26":{"loc":{"start":{"line":240,"column":4},"end":{"line":243,"column":5}},"type":"if","locations":[{"start":{"line":240,"column":4},"end":{"line":243,"column":5}}]},"27":{"loc":{"start":{"line":250,"column":4},"end":{"line":253,"column":5}},"type":"if","locations":[{"start":{"line":250,"column":4},"end":{"line":253,"column":5}}]},"28":{"loc":{"start":{"line":271,"column":4},"end":{"line":274,"column":5}},"type":"if","locations":[{"start":{"line":271,"column":4},"end":{"line":274,"column":5}}]},"29":{"loc":{"start":{"line":281,"column":4},"end":{"line":284,"column":5}},"type":"if","locations":[{"start":{"line":281,"column":4},"end":{"line":284,"column":5}}]}},"s":{"0":1,"1":1,"2":1,"3":1,"4":1,"5":1,"6":1,"7":1,"8":6,"9":6,"10":6,"11":6,"12":6,"13":0,"14":0,"15":6,"16":6,"17":6,"18":0,"19":0,"20":1,"21":4,"22":4,"23":4,"24":4,"25":4,"26":0,"27":0,"28":4,"29":4,"30":4,"31":3,"32":3,"33":1,"34":0,"35":0,"36":1,"37":9,"38":9,"39":9,"40":9,"41":2,"42":2,"43":7,"44":1,"45":1,"46":6,"47":1,"48":1,"49":5,"50":1,"51":1,"52":4,"53":1,"54":1,"55":3,"56":3,"57":0,"58":0,"59":3,"60":3,"61":3,"62":0,"63":0,"64":1,"65":9,"66":9,"67":9,"68":9,"69":9,"70":6,"71":1,"72":1,"73":5,"74":1,"75":1,"76":7,"77":0,"78":0,"79":7,"80":7,"81":0,"82":0,"83":7,"84":7,"85":7,"86":4,"87":7,"88":2,"89":7,"90":1,"91":7,"92":5,"93":2,"94":2,"95":2,"96":0,"97":0,"98":1,"99":2,"100":2,"101":2,"102":2,"103":2,"104":0,"105":0,"106":2,"107":2,"108":1,"109":1,"110":1,"111":1,"112":0,"113":0,"114":1,"115":2,"116":2,"117":2,"118":2,"119":2,"120":0,"121":0,"122":2,"123":2,"124":1,"125":1,"126":1,"127":1,"128":0,"129":0,"130":1,"131":3,"132":3,"133":3,"134":3,"135":3,"136":0,"137":0,"138":3,"139":3,"140":1,"141":2,"142":2,"143":2,"144":0,"145":0,"146":1},"f":{"0":6,"1":4,"2":9,"3":9,"4":2,"5":2,"6":3},"b":{"0":[0],"1":[0],"2":[3],"3":[2],"4":[9,8,8],"5":[1],"6":[1],"7":[6,2],"8":[1],"9":[5,2],"10":[1],"11":[4,2],"12":[0],"13":[6],"14":[1],"15":[6,6],"16":[1],"17":[0],"18":[7,1,1],"19":[0],"20":[4],"21":[2],"22":[1],"23":[2],"24":[0],"25":[1],"26":[0],"27":[1],"28":[0],"29":[2]}}
,"/home/datux/projects/agents_workspaces/workstream-cockpit/backend/src/services/personService.ts": {"path":"/home/datux/projects/agents_workspaces/workstream-cockpit/backend/src/services/personService.ts","statementMap":{"0":{"start":{"line":14,"column":0},"end":{"line":14,"column":7}},"1":{"start":{"line":28,"column":0},"end":{"line":28,"column":7}},"2":{"start":{"line":42,"column":0},"end":{"line":42,"column":7}},"3":{"start":{"line":64,"column":0},"end":{"line":64,"column":7}},"4":{"start":{"line":1,"column":0},"end":{"line":1,"column":54}},"5":{"start":{"line":2,"column":0},"end":{"line":2,"column":41}},"6":{"start":{"line":4,"column":15},"end":{"line":4,"column":33}},"7":{"start":{"line":15,"column":2},"end":{"line":22,"column":3}},"8":{"start":{"line":16,"column":4},"end":{"line":18,"column":7}},"9":{"start":{"line":20,"column":4},"end":{"line":20,"column":58}},"10":{"start":{"line":21,"column":4},"end":{"line":21,"column":16}},"11":{"start":{"line":29,"column":2},"end":{"line":36,"column":3}},"12":{"start":{"line":30,"column":4},"end":{"line":32,"column":7}},"13":{"start":{"line":34,"column":4},"end":{"line":34,"column":55}},"14":{"start":{"line":35,"column":4},"end":{"line":35,"column":16}},"15":{"start":{"line":43,"column":2},"end":{"line":58,"column":3}},"16":{"start":{"line":44,"column":4},"end":{"line":44,"column":55}},"17":{"start":{"line":46,"column":19},"end":{"line":51,"column":6}},"18":{"start":{"line":53,"column":4},"end":{"line":53,"column":61}},"19":{"start":{"line":54,"column":4},"end":{"line":54,"column":18}},"20":{"start":{"line":56,"column":4},"end":{"line":56,"column":50}},"21":{"start":{"line":57,"column":4},"end":{"line":57,"column":16}},"22":{"start":{"line":65,"column":2},"end":{"line":78,"column":3}},"23":{"start":{"line":66,"column":17},"end":{"line":66,"column":53}},"24":{"start":{"line":68,"column":4},"end":{"line":72,"column":5}},"25":{"start":{"line":69,"column":6},"end":{"line":69,"column":41}},"26":{"start":{"line":71,"column":6},"end":{"line":71,"column":57}},"27":{"start":{"line":74,"column":4},"end":{"line":74,"column":18}},"28":{"start":{"line":76,"column":4},"end":{"line":76,"column":55}},"29":{"start":{"line":77,"column":4},"end":{"line":77,"column":16}}},"fnMap":{"0":{"name":"findPersonByEmail","decl":{"start":{"line":14,"column":22},"end":{"line":14,"column":39}},"loc":{"start":{"line":14,"column":53},"end":{"line":23,"column":1}}},"1":{"name":"findPersonById","decl":{"start":{"line":28,"column":22},"end":{"line":28,"column":36}},"loc":{"start":{"line":28,"column":47},"end":{"line":37,"column":1}}},"2":{"name":"createPerson","decl":{"start":{"line":42,"column":22},"end":{"line":42,"column":34}},"loc":{"start":{"line":42,"column":59},"end":{"line":59,"column":1}}},"3":{"name":"getOrCreatePerson","decl":{"start":{"line":64,"column":22},"end":{"line":64,"column":39}},"loc":{"start":{"line":64,"column":64},"end":{"line":79,"column":1}}}},"branchMap":{"0":{"loc":{"start":{"line":68,"column":4},"end":{"line":72,"column":5}},"type":"if","locations":[{"start":{"line":68,"column":4},"end":{"line":72,"column":5}},{"start":{"line":70,"column":11},"end":{"line":72,"column":5}}]}},"s":{"0":2,"1":2,"2":2,"3":2,"4":2,"5":2,"6":2,"7":4,"8":4,"9":0,"10":0,"11":2,"12":2,"13":0,"14":0,"15":3,"16":3,"17":3,"18":2,"19":2,"20":1,"21":1,"22":2,"23":2,"24":2,"25":1,"26":1,"27":2,"28":0,"29":0},"f":{"0":4,"1":2,"2":3,"3":2},"b":{"0":[1,1]}}
,"/home/datux/projects/agents_workspaces/workstream-cockpit/backend/src/services/projectService.ts": {"path":"/home/datux/projects/agents_workspaces/workstream-cockpit/backend/src/services/projectService.ts","statementMap":{"0":{"start":{"line":14,"column":0},"end":{"line":14,"column":7}},"1":{"start":{"line":36,"column":0},"end":{"line":36,"column":7}},"2":{"start":{"line":51,"column":0},"end":{"line":51,"column":7}},"3":{"start":{"line":68,"column":0},"end":{"line":68,"column":7}},"4":{"start":{"line":93,"column":0},"end":{"line":93,"column":7}},"5":{"start":{"line":1,"column":0},"end":{"line":1,"column":55}},"6":{"start":{"line":2,"column":0},"end":{"line":2,"column":41}},"7":{"start":{"line":4,"column":15},"end":{"line":4,"column":33}},"8":{"start":{"line":15,"column":2},"end":{"line":30,"column":3}},"9":{"start":{"line":16,"column":4},"end":{"line":16,"column":70}},"10":{"start":{"line":18,"column":20},"end":{"line":23,"column":6}},"11":{"start":{"line":25,"column":4},"end":{"line":25,"column":63}},"12":{"start":{"line":26,"column":4},"end":{"line":26,"column":19}},"13":{"start":{"line":28,"column":4},"end":{"line":28,"column":51}},"14":{"start":{"line":29,"column":4},"end":{"line":29,"column":16}},"15":{"start":{"line":37,"column":2},"end":{"line":45,"column":3}},"16":{"start":{"line":38,"column":4},"end":{"line":41,"column":7}},"17":{"start":{"line":43,"column":4},"end":{"line":43,"column":51}},"18":{"start":{"line":44,"column":4},"end":{"line":44,"column":16}},"19":{"start":{"line":52,"column":2},"end":{"line":62,"column":3}},"20":{"start":{"line":53,"column":4},"end":{"line":58,"column":7}},"21":{"start":{"line":60,"column":4},"end":{"line":60,"column":56}},"22":{"start":{"line":61,"column":4},"end":{"line":61,"column":16}},"23":{"start":{"line":73,"column":2},"end":{"line":87,"column":3}},"24":{"start":{"line":75,"column":20},"end":{"line":75,"column":61}},"25":{"start":{"line":76,"column":4},"end":{"line":78,"column":5}},"26":{"start":{"line":77,"column":6},"end":{"line":77,"column":60}},"27":{"start":{"line":80,"column":4},"end":{"line":83,"column":7}},"28":{"start":{"line":85,"column":4},"end":{"line":85,"column":51}},"29":{"start":{"line":86,"column":4},"end":{"line":86,"column":16}},"30":{"start":{"line":94,"column":2},"end":{"line":97,"column":5}}},"fnMap":{"0":{"name":"createProject","decl":{"start":{"line":14,"column":22},"end":{"line":14,"column":35}},"loc":{"start":{"line":14,"column":61},"end":{"line":31,"column":1}}},"1":{"name":"getProjectsByPersonId","decl":{"start":{"line":36,"column":22},"end":{"line":36,"column":43}},"loc":{"start":{"line":36,"column":60},"end":{"line":46,"column":1}}},"2":{"name":"getProjectById","decl":{"start":{"line":51,"column":22},"end":{"line":51,"column":36}},"loc":{"start":{"line":51,"column":72},"end":{"line":63,"column":1}}},"3":{"name":"updateProject","decl":{"start":{"line":68,"column":22},"end":{"line":68,"column":35}},"loc":{"start":{"line":71,"column":14},"end":{"line":88,"column":1}}},"4":{"name":"createDefaultProject","decl":{"start":{"line":93,"column":22},"end":{"line":93,"column":42}},"loc":{"start":{"line":93,"column":59},"end":{"line":98,"column":1}}}},"branchMap":{"0":{"loc":{"start":{"line":76,"column":4},"end":{"line":78,"column":5}},"type":"if","locations":[{"start":{"line":76,"column":4},"end":{"line":78,"column":5}}]}},"s":{"0":3,"1":3,"2":3,"3":3,"4":3,"5":3,"6":3,"7":3,"8":3,"9":3,"10":3,"11":3,"12":3,"13":0,"14":0,"15":32,"16":32,"17":0,"18":0,"19":5,"20":5,"21":0,"22":0,"23":2,"24":2,"25":2,"26":1,"27":1,"28":1,"29":1,"30":2},"f":{"0":3,"1":32,"2":5,"3":2,"4":2},"b":{"0":[1]}}
,"/home/datux/projects/agents_workspaces/workstream-cockpit/backend/src/services/tagService.ts": {"path":"/home/datux/projects/agents_workspaces/workstream-cockpit/backend/src/services/tagService.ts","statementMap":{"0":{"start":{"line":24,"column":0},"end":{"line":24,"column":7}},"1":{"start":{"line":48,"column":0},"end":{"line":48,"column":7}},"2":{"start":{"line":63,"column":0},"end":{"line":63,"column":7}},"3":{"start":{"line":80,"column":0},"end":{"line":80,"column":7}},"4":{"start":{"line":105,"column":0},"end":{"line":105,"column":7}},"5":{"start":{"line":128,"column":0},"end":{"line":128,"column":7}},"6":{"start":{"line":152,"column":0},"end":{"line":152,"column":7}},"7":{"start":{"line":1,"column":0},"end":{"line":1,"column":51}},"8":{"start":{"line":2,"column":0},"end":{"line":2,"column":41}},"9":{"start":{"line":4,"column":15},"end":{"line":4,"column":33}},"10":{"start":{"line":14,"column":21},"end":{"line":19,"column":2}},"11":{"start":{"line":25,"column":2},"end":{"line":42,"column":3}},"12":{"start":{"line":26,"column":4},"end":{"line":26,"column":82}},"13":{"start":{"line":28,"column":16},"end":{"line":35,"column":6}},"14":{"start":{"line":37,"column":4},"end":{"line":37,"column":55}},"15":{"start":{"line":38,"column":4},"end":{"line":38,"column":15}},"16":{"start":{"line":40,"column":4},"end":{"line":40,"column":47}},"17":{"start":{"line":41,"column":4},"end":{"line":41,"column":16}},"18":{"start":{"line":49,"column":2},"end":{"line":57,"column":3}},"19":{"start":{"line":50,"column":4},"end":{"line":53,"column":7}},"20":{"start":{"line":55,"column":4},"end":{"line":55,"column":47}},"21":{"start":{"line":56,"column":4},"end":{"line":56,"column":16}},"22":{"start":{"line":64,"column":2},"end":{"line":74,"column":3}},"23":{"start":{"line":65,"column":4},"end":{"line":70,"column":7}},"24":{"start":{"line":72,"column":4},"end":{"line":72,"column":52}},"25":{"start":{"line":73,"column":4},"end":{"line":73,"column":16}},"26":{"start":{"line":85,"column":2},"end":{"line":99,"column":3}},"27":{"start":{"line":87,"column":16},"end":{"line":87,"column":50}},"28":{"start":{"line":88,"column":4},"end":{"line":90,"column":5}},"29":{"start":{"line":89,"column":6},"end":{"line":89,"column":56}},"30":{"start":{"line":92,"column":4},"end":{"line":95,"column":7}},"31":{"start":{"line":97,"column":4},"end":{"line":97,"column":47}},"32":{"start":{"line":98,"column":4},"end":{"line":98,"column":16}},"33":{"start":{"line":106,"column":2},"end":{"line":122,"column":3}},"34":{"start":{"line":108,"column":16},"end":{"line":108,"column":50}},"35":{"start":{"line":109,"column":4},"end":{"line":111,"column":5}},"36":{"start":{"line":110,"column":6},"end":{"line":110,"column":56}},"37":{"start":{"line":114,"column":4},"end":{"line":116,"column":7}},"38":{"start":{"line":118,"column":4},"end":{"line":118,"column":54}},"39":{"start":{"line":120,"column":4},"end":{"line":120,"column":47}},"40":{"start":{"line":121,"column":4},"end":{"line":121,"column":16}},"41":{"start":{"line":129,"column":2},"end":{"line":146,"column":3}},"42":{"start":{"line":130,"column":4},"end":{"line":130,"column":67}},"43":{"start":{"line":132,"column":17},"end":{"line":138,"column":null}},"44":{"start":{"line":134,"column":8},"end":{"line":137,"column":10}},"45":{"start":{"line":141,"column":4},"end":{"line":141,"column":80}},"46":{"start":{"line":142,"column":4},"end":{"line":142,"column":16}},"47":{"start":{"line":144,"column":4},"end":{"line":144,"column":56}},"48":{"start":{"line":145,"column":4},"end":{"line":145,"column":16}},"49":{"start":{"line":156,"column":2},"end":{"line":184,"column":3}},"50":{"start":{"line":158,"column":19},"end":{"line":158,"column":48}},"51":{"start":{"line":158,"column":40},"end":{"line":158,"column":47}},"52":{"start":{"line":159,"column":17},"end":{"line":164,"column":6}},"53":{"start":{"line":166,"column":4},"end":{"line":168,"column":5}},"54":{"start":{"line":167,"column":6},"end":{"line":167,"column":69}},"55":{"start":{"line":171,"column":4},"end":{"line":178,"column":6}},"56":{"start":{"line":173,"column":8},"end":{"line":176,"column":10}},"57":{"start":{"line":180,"column":4},"end":{"line":180,"column":79}},"58":{"start":{"line":182,"column":4},"end":{"line":182,"column":50}},"59":{"start":{"line":183,"column":4},"end":{"line":183,"column":16}}},"fnMap":{"0":{"name":"createTag","decl":{"start":{"line":24,"column":22},"end":{"line":24,"column":31}},"loc":{"start":{"line":24,"column":53},"end":{"line":43,"column":1}}},"1":{"name":"getTagsByProjectId","decl":{"start":{"line":48,"column":22},"end":{"line":48,"column":40}},"loc":{"start":{"line":48,"column":58},"end":{"line":58,"column":1}}},"2":{"name":"getTagById","decl":{"start":{"line":63,"column":22},"end":{"line":63,"column":32}},"loc":{"start":{"line":63,"column":65},"end":{"line":75,"column":1}}},"3":{"name":"updateTag","decl":{"start":{"line":80,"column":22},"end":{"line":80,"column":31}},"loc":{"start":{"line":83,"column":61},"end":{"line":100,"column":1}}},"4":{"name":"deleteTag","decl":{"start":{"line":105,"column":22},"end":{"line":105,"column":31}},"loc":{"start":{"line":105,"column":64},"end":{"line":123,"column":1}}},"5":{"name":"createDefaultTags","decl":{"start":{"line":128,"column":22},"end":{"line":128,"column":39}},"loc":{"start":{"line":128,"column":57},"end":{"line":147,"column":1}}},"6":{"name":"(anonymous_6)","decl":{"start":{"line":133,"column":23},"end":{"line":133,"column":24}},"loc":{"start":{"line":134,"column":8},"end":{"line":137,"column":10}}},"7":{"name":"reorderTags","decl":{"start":{"line":152,"column":22},"end":{"line":152,"column":33}},"loc":{"start":{"line":154,"column":56},"end":{"line":185,"column":1}}},"8":{"name":"(anonymous_8)","decl":{"start":{"line":158,"column":33},"end":{"line":158,"column":34}},"loc":{"start":{"line":158,"column":40},"end":{"line":158,"column":47}}},"9":{"name":"(anonymous_9)","decl":{"start":{"line":172,"column":20},"end":{"line":172,"column":21}},"loc":{"start":{"line":173,"column":8},"end":{"line":176,"column":10}}}},"branchMap":{"0":{"loc":{"start":{"line":33,"column":19},"end":{"line":33,"column":39}},"type":"binary-expr","locations":[{"start":{"line":33,"column":19},"end":{"line":33,"column":34}},{"start":{"line":33,"column":38},"end":{"line":33,"column":39}}]},"1":{"loc":{"start":{"line":88,"column":4},"end":{"line":90,"column":5}},"type":"if","locations":[{"start":{"line":88,"column":4},"end":{"line":90,"column":5}}]},"2":{"loc":{"start":{"line":109,"column":4},"end":{"line":111,"column":5}},"type":"if","locations":[{"start":{"line":109,"column":4},"end":{"line":111,"column":5}}]},"3":{"loc":{"start":{"line":166,"column":4},"end":{"line":168,"column":5}},"type":"if","locations":[{"start":{"line":166,"column":4},"end":{"line":168,"column":5}}]}},"s":{"0":2,"1":2,"2":2,"3":2,"4":2,"5":2,"6":2,"7":2,"8":2,"9":2,"10":2,"11":14,"12":14,"13":14,"14":14,"15":14,"16":0,"17":0,"18":4,"19":4,"20":0,"21":0,"22":9,"23":9,"24":0,"25":0,"26":4,"27":4,"28":4,"29":1,"30":3,"31":1,"32":1,"33":3,"34":3,"35":3,"36":1,"37":2,"38":2,"39":1,"40":1,"41":3,"42":3,"43":3,"44":12,"45":3,"46":3,"47":0,"48":0,"49":2,"50":2,"51":4,"52":2,"53":2,"54":1,"55":1,"56":3,"57":1,"58":1,"59":1},"f":{"0":14,"1":4,"2":9,"3":4,"4":3,"5":3,"6":12,"7":2,"8":4,"9":3},"b":{"0":[14,1],"1":[1],"2":[1],"3":[1]}}
,"/home/datux/projects/agents_workspaces/workstream-cockpit/backend/src/services/workstreamService.ts": {"path":"/home/datux/projects/agents_workspaces/workstream-cockpit/backend/src/services/workstreamService.ts","statementMap":{"0":{"start":{"line":33,"column":0},"end":{"line":33,"column":7}},"1":{"start":{"line":78,"column":0},"end":{"line":78,"column":7}},"2":{"start":{"line":121,"column":0},"end":{"line":121,"column":7}},"3":{"start":{"line":162,"column":0},"end":{"line":162,"column":7}},"4":{"start":{"line":187,"column":0},"end":{"line":187,"column":7}},"5":{"start":{"line":211,"column":0},"end":{"line":211,"column":7}},"6":{"start":{"line":238,"column":0},"end":{"line":238,"column":7}},"7":{"start":{"line":1,"column":0},"end":{"line":1,"column":72}},"8":{"start":{"line":2,"column":0},"end":{"line":2,"column":41}},"9":{"start":{"line":4,"column":15},"end":{"line":4,"column":33}},"10":{"start":{"line":37,"column":2},"end":{"line":72,"column":3}},"11":{"start":{"line":38,"column":29},"end":{"line":38,"column":42}},"12":{"start":{"line":39,"column":4},"end":{"line":41,"column":5}},"13":{"start":{"line":40,"column":6},"end":{"line":40,"column":32}},"14":{"start":{"line":43,"column":24},"end":{"line":59,"column":6}},"15":{"start":{"line":62,"column":4},"end":{"line":68,"column":7}},"16":{"start":{"line":63,"column":47},"end":{"line":63,"column":49}},"17":{"start":{"line":64,"column":6},"end":{"line":67,"column":8}},"18":{"start":{"line":70,"column":4},"end":{"line":70,"column":54}},"19":{"start":{"line":71,"column":4},"end":{"line":71,"column":16}},"20":{"start":{"line":82,"column":2},"end":{"line":115,"column":3}},"21":{"start":{"line":83,"column":23},"end":{"line":101,"column":6}},"22":{"start":{"line":103,"column":4},"end":{"line":105,"column":5}},"23":{"start":{"line":104,"column":6},"end":{"line":104,"column":18}},"24":{"start":{"line":107,"column":49},"end":{"line":107,"column":59}},"25":{"start":{"line":108,"column":4},"end":{"line":111,"column":6}},"26":{"start":{"line":113,"column":4},"end":{"line":113,"column":59}},"27":{"start":{"line":114,"column":4},"end":{"line":114,"column":16}},"28":{"start":{"line":122,"column":2},"end":{"line":156,"column":3}},"29":{"start":{"line":123,"column":4},"end":{"line":123,"column":89}},"30":{"start":{"line":126,"column":19},"end":{"line":149,"column":6}},"31":{"start":{"line":127,"column":25},"end":{"line":135,"column":8}},"32":{"start":{"line":138,"column":6},"end":{"line":146,"column":7}},"33":{"start":{"line":139,"column":8},"end":{"line":145,"column":11}},"34":{"start":{"line":148,"column":6},"end":{"line":148,"column":24}},"35":{"start":{"line":151,"column":4},"end":{"line":151,"column":65}},"36":{"start":{"line":152,"column":4},"end":{"line":152,"column":18}},"37":{"start":{"line":154,"column":4},"end":{"line":154,"column":54}},"38":{"start":{"line":155,"column":4},"end":{"line":155,"column":16}},"39":{"start":{"line":167,"column":2},"end":{"line":181,"column":3}},"40":{"start":{"line":169,"column":23},"end":{"line":169,"column":71}},"41":{"start":{"line":170,"column":4},"end":{"line":172,"column":5}},"42":{"start":{"line":171,"column":6},"end":{"line":171,"column":63}},"43":{"start":{"line":174,"column":4},"end":{"line":177,"column":7}},"44":{"start":{"line":179,"column":4},"end":{"line":179,"column":54}},"45":{"start":{"line":180,"column":4},"end":{"line":180,"column":16}},"46":{"start":{"line":188,"column":2},"end":{"line":205,"column":3}},"47":{"start":{"line":190,"column":23},"end":{"line":190,"column":71}},"48":{"start":{"line":191,"column":4},"end":{"line":193,"column":5}},"49":{"start":{"line":192,"column":6},"end":{"line":192,"column":63}},"50":{"start":{"line":195,"column":4},"end":{"line":201,"column":7}},"51":{"start":{"line":203,"column":4},"end":{"line":203,"column":53}},"52":{"start":{"line":204,"column":4},"end":{"line":204,"column":16}},"53":{"start":{"line":215,"column":2},"end":{"line":232,"column":3}},"54":{"start":{"line":217,"column":23},"end":{"line":217,"column":71}},"55":{"start":{"line":218,"column":4},"end":{"line":220,"column":5}},"56":{"start":{"line":219,"column":6},"end":{"line":219,"column":63}},"57":{"start":{"line":222,"column":4},"end":{"line":228,"column":7}},"58":{"start":{"line":230,"column":4},"end":{"line":230,"column":55}},"59":{"start":{"line":231,"column":4},"end":{"line":231,"column":16}},"60":{"start":{"line":239,"column":2},"end":{"line":255,"column":3}},"61":{"start":{"line":241,"column":23},"end":{"line":241,"column":71}},"62":{"start":{"line":242,"column":4},"end":{"line":244,"column":5}},"63":{"start":{"line":243,"column":6},"end":{"line":243,"column":63}},"64":{"start":{"line":247,"column":4},"end":{"line":249,"column":7}},"65":{"start":{"line":251,"column":4},"end":{"line":251,"column":68}},"66":{"start":{"line":253,"column":4},"end":{"line":253,"column":54}},"67":{"start":{"line":254,"column":4},"end":{"line":254,"column":16}}},"fnMap":{"0":{"name":"getWorkstreams","decl":{"start":{"line":33,"column":22},"end":{"line":33,"column":36}},"loc":{"start":{"line":35,"column":29},"end":{"line":73,"column":1}}},"1":{"name":"(anonymous_1)","decl":{"start":{"line":62,"column":27},"end":{"line":62,"column":28}},"loc":{"start":{"line":62,"column":34},"end":{"line":68,"column":5}}},"2":{"name":"getWorkstreamById","decl":{"start":{"line":78,"column":22},"end":{"line":78,"column":39}},"loc":{"start":{"line":80,"column":19},"end":{"line":116,"column":1}}},"3":{"name":"createWorkstream","decl":{"start":{"line":121,"column":22},"end":{"line":121,"column":38}},"loc":{"start":{"line":121,"column":67},"end":{"line":157,"column":1}}},"4":{"name":"(anonymous_4)","decl":{"start":{"line":126,"column":45},"end":{"line":126,"column":50}},"loc":{"start":{"line":126,"column":58},"end":{"line":149,"column":5}}},"5":{"name":"updateWorkstream","decl":{"start":{"line":162,"column":22},"end":{"line":162,"column":38}},"loc":{"start":{"line":165,"column":32},"end":{"line":182,"column":1}}},"6":{"name":"closeWorkstream","decl":{"start":{"line":187,"column":22},"end":{"line":187,"column":37}},"loc":{"start":{"line":187,"column":77},"end":{"line":206,"column":1}}},"7":{"name":"reopenWorkstream","decl":{"start":{"line":211,"column":22},"end":{"line":211,"column":38}},"loc":{"start":{"line":213,"column":19},"end":{"line":233,"column":1}}},"8":{"name":"deleteWorkstream","decl":{"start":{"line":238,"column":22},"end":{"line":238,"column":38}},"loc":{"start":{"line":238,"column":78},"end":{"line":256,"column":1}}}},"branchMap":{"0":{"loc":{"start":{"line":39,"column":4},"end":{"line":41,"column":5}},"type":"if","locations":[{"start":{"line":39,"column":4},"end":{"line":41,"column":5}}]},"1":{"loc":{"start":{"line":66,"column":22},"end":{"line":66,"column":51}},"type":"binary-expr","locations":[{"start":{"line":66,"column":22},"end":{"line":66,"column":38}},{"start":{"line":66,"column":42},"end":{"line":66,"column":51}}]},"2":{"loc":{"start":{"line":103,"column":4},"end":{"line":105,"column":5}},"type":"if","locations":[{"start":{"line":103,"column":4},"end":{"line":105,"column":5}}]},"3":{"loc":{"start":{"line":110,"column":20},"end":{"line":110,"column":49}},"type":"binary-expr","locations":[{"start":{"line":110,"column":20},"end":{"line":110,"column":36}},{"start":{"line":110,"column":40},"end":{"line":110,"column":49}}]},"4":{"loc":{"start":{"line":138,"column":6},"end":{"line":146,"column":7}},"type":"if","locations":[{"start":{"line":138,"column":6},"end":{"line":146,"column":7}}]},"5":{"loc":{"start":{"line":170,"column":4},"end":{"line":172,"column":5}},"type":"if","locations":[{"start":{"line":170,"column":4},"end":{"line":172,"column":5}}]},"6":{"loc":{"start":{"line":191,"column":4},"end":{"line":193,"column":5}},"type":"if","locations":[{"start":{"line":191,"column":4},"end":{"line":193,"column":5}}]},"7":{"loc":{"start":{"line":218,"column":4},"end":{"line":220,"column":5}},"type":"if","locations":[{"start":{"line":218,"column":4},"end":{"line":220,"column":5}}]},"8":{"loc":{"start":{"line":242,"column":4},"end":{"line":244,"column":5}},"type":"if","locations":[{"start":{"line":242,"column":4},"end":{"line":244,"column":5}}]}},"s":{"0":2,"1":2,"2":2,"3":2,"4":2,"5":2,"6":2,"7":2,"8":2,"9":2,"10":12,"11":12,"12":12,"13":4,"14":12,"15":12,"16":16,"17":16,"18":0,"19":0,"20":35,"21":35,"22":35,"23":15,"24":20,"25":20,"26":0,"27":0,"28":8,"29":8,"30":8,"31":8,"32":8,"33":2,"34":8,"35":8,"36":8,"37":0,"38":0,"39":12,"40":12,"41":12,"42":3,"43":9,"44":3,"45":3,"46":4,"47":4,"48":4,"49":2,"50":2,"51":2,"52":2,"53":4,"54":4,"55":4,"56":2,"57":2,"58":2,"59":2,"60":6,"61":6,"62":6,"63":3,"64":3,"65":3,"66":3,"67":3},"f":{"0":12,"1":16,"2":35,"3":8,"4":8,"5":12,"6":4,"7":4,"8":6},"b":{"0":[4],"1":[16,14],"2":[15],"3":[20,18],"4":[2],"5":[3],"6":[2],"7":[2],"8":[3]}}
,"/home/datux/projects/agents_workspaces/workstream-cockpit/backend/src/utils/db.ts": {"path":"/home/datux/projects/agents_workspaces/workstream-cockpit/backend/src/utils/db.ts","statementMap":{"0":{"start":{"line":1,"column":0},"end":{"line":1,"column":46}},"1":{"start":{"line":2,"column":0},"end":{"line":2,"column":34}},"2":{"start":{"line":4,"column":15},"end":{"line":10,"column":2}},"3":{"start":{"line":36,"column":9},"end":{"line":36,"column":15}},"4":{"start":{"line":13,"column":0},"end":{"line":18,"column":1}},"5":{"start":{"line":14,"column":2},"end":{"line":17,"column":5}},"6":{"start":{"line":15,"column":4},"end":{"line":15,"column":38}},"7":{"start":{"line":16,"column":4},"end":{"line":16,"column":46}},"8":{"start":{"line":21,"column":0},"end":{"line":28,"column":5}},"9":{"start":{"line":23,"column":4},"end":{"line":23,"column":51}},"10":{"start":{"line":26,"column":4},"end":{"line":26,"column":65}},"11":{"start":{"line":27,"column":4},"end":{"line":27,"column":20}},"12":{"start":{"line":31,"column":0},"end":{"line":34,"column":3}},"13":{"start":{"line":32,"column":2},"end":{"line":32,"column":29}},"14":{"start":{"line":33,"column":2},"end":{"line":33,"column":44}}},"fnMap":{"0":{"name":"(anonymous_0)","decl":{"start":{"line":14,"column":22},"end":{"line":14,"column":23}},"loc":{"start":{"line":14,"column":33},"end":{"line":17,"column":3}}},"1":{"name":"(anonymous_1)","decl":{"start":{"line":22,"column":8},"end":{"line":22,"column":11}},"loc":{"start":{"line":22,"column":13},"end":{"line":24,"column":3}}},"2":{"name":"(anonymous_2)","decl":{"start":{"line":25,"column":9},"end":{"line":25,"column":10}},"loc":{"start":{"line":25,"column":19},"end":{"line":28,"column":3}}},"3":{"name":"(anonymous_3)","decl":{"start":{"line":31,"column":25},"end":{"line":31,"column":30}},"loc":{"start":{"line":31,"column":36},"end":{"line":34,"column":1}}}},"branchMap":{"0":{"loc":{"start":{"line":13,"column":0},"end":{"line":18,"column":1}},"type":"if","locations":[{"start":{"line":13,"column":0},"end":{"line":18,"column":1}}]}},"s":{"0":0,"1":0,"2":0,"3":0,"4":0,"5":0,"6":0,"7":0,"8":0,"9":0,"10":0,"11":0,"12":0,"13":0,"14":0},"f":{"0":0,"1":0,"2":0,"3":0},"b":{"0":[0]}}
,"/home/datux/projects/agents_workspaces/workstream-cockpit/backend/src/utils/logger.ts": {"path":"/home/datux/projects/agents_workspaces/workstream-cockpit/backend/src/utils/logger.ts","statementMap":{"0":{"start":{"line":5,"column":4},"end":{"line":5,"column":36}},"1":{"start":{"line":9,"column":22},"end":{"line":9,"column":41}},"2":{"start":{"line":10,"column":23},"end":{"line":10,"column":75}},"3":{"start":{"line":12,"column":4},"end":{"line":26,"column":5}},"4":{"start":{"line":14,"column":8},"end":{"line":14,"column":34}},"5":{"start":{"line":15,"column":8},"end":{"line":15,"column":14}},"6":{"start":{"line":17,"column":8},"end":{"line":17,"column":33}},"7":{"start":{"line":18,"column":8},"end":{"line":18,"column":14}},"8":{"start":{"line":20,"column":8},"end":{"line":22,"column":9}},"9":{"start":{"line":21,"column":10},"end":{"line":21,"column":36}},"10":{"start":{"line":23,"column":8},"end":{"line":23,"column":14}},"11":{"start":{"line":25,"column":8},"end":{"line":25,"column":32}},"12":{"start":{"line":30,"column":4},"end":{"line":30,"column":30}},"13":{"start":{"line":34,"column":4},"end":{"line":34,"column":30}},"14":{"start":{"line":38,"column":22},"end":{"line":38,"column":29}},"15":{"start":{"line":39,"column":4},"end":{"line":45,"column":5}},"16":{"start":{"line":40,"column":6},"end":{"line":44,"column":7}},"17":{"start":{"line":41,"column":8},"end":{"line":41,"column":59}},"18":{"start":{"line":43,"column":8},"end":{"line":43,"column":51}},"19":{"start":{"line":46,"column":4},"end":{"line":46,"column":35}},"20":{"start":{"line":50,"column":4},"end":{"line":50,"column":31}},"21":{"start":{"line":54,"column":13},"end":{"line":54,"column":35}}},"fnMap":{"0":{"name":"(anonymous_0)","decl":{"start":{"line":4,"column":10},"end":{"line":4,"column":22}},"loc":{"start":{"line":4,"column":22},"end":{"line":6,"column":3}}},"1":{"name":"(anonymous_1)","decl":{"start":{"line":8,"column":10},"end":{"line":8,"column":13}},"loc":{"start":{"line":8,"column":46},"end":{"line":27,"column":3}}},"2":{"name":"(anonymous_2)","decl":{"start":{"line":29,"column":2},"end":{"line":29,"column":6}},"loc":{"start":{"line":29,"column":22},"end":{"line":31,"column":3}}},"3":{"name":"(anonymous_3)","decl":{"start":{"line":33,"column":2},"end":{"line":33,"column":6}},"loc":{"start":{"line":33,"column":22},"end":{"line":35,"column":3}}},"4":{"name":"(anonymous_4)","decl":{"start":{"line":37,"column":2},"end":{"line":37,"column":7}},"loc":{"start":{"line":37,"column":40},"end":{"line":47,"column":3}}},"5":{"name":"(anonymous_5)","decl":{"start":{"line":49,"column":2},"end":{"line":49,"column":7}},"loc":{"start":{"line":49,"column":23},"end":{"line":51,"column":3}}}},"branchMap":{"0":{"loc":{"start":{"line":12,"column":4},"end":{"line":26,"column":5}},"type":"switch","locations":[{"start":{"line":13,"column":6},"end":{"line":15,"column":14}},{"start":{"line":16,"column":6},"end":{"line":18,"column":14}},{"start":{"line":19,"column":6},"end":{"line":23,"column":14}},{"start":{"line":24,"column":6},"end":{"line":25,"column":32}}]},"1":{"loc":{"start":{"line":20,"column":8},"end":{"line":22,"column":9}},"type":"if","locations":[{"start":{"line":20,"column":8},"end":{"line":22,"column":9}}]},"2":{"loc":{"start":{"line":39,"column":4},"end":{"line":45,"column":5}},"type":"if","locations":[{"start":{"line":39,"column":4},"end":{"line":45,"column":5}}]},"3":{"loc":{"start":{"line":40,"column":6},"end":{"line":44,"column":7}},"type":"if","locations":[{"start":{"line":40,"column":6},"end":{"line":44,"column":7}},{"start":{"line":42,"column":13},"end":{"line":44,"column":7}}]}},"s":{"0":84,"1":84,"2":84,"3":84,"4":15,"5":15,"6":0,"7":0,"8":0,"9":0,"10":0,"11":69,"12":69,"13":0,"14":15,"15":15,"16":15,"17":15,"18":0,"19":15,"20":0,"21":6},"f":{"0":84,"1":84,"2":69,"3":0,"4":15,"5":0},"b":{"0":[15,0,0,69],"1":[0],"2":[15],"3":[15,0]}}
}
