TN:
SF:src/server.ts
FN:47,(anonymous_1)
FN:58,(anonymous_2)
FN:64,(anonymous_3)
FN:66,(anonymous_4)
FNF:4
FNH:0
FNDA:0,(anonymous_1)
FNDA:0,(anonymous_2)
FNDA:0,(anonymous_3)
FNDA:0,(anonymous_4)
DA:1,0
DA:2,0
DA:3,0
DA:4,0
DA:5,0
DA:6,0
DA:7,0
DA:8,0
DA:9,0
DA:10,0
DA:11,0
DA:12,0
DA:13,0
DA:16,0
DA:18,0
DA:19,0
DA:22,0
DA:25,0
DA:33,0
DA:34,0
DA:37,0
DA:40,0
DA:41,0
DA:44,0
DA:47,0
DA:50,0
DA:51,0
DA:52,0
DA:55,0
DA:58,0
DA:59,0
DA:60,0
DA:64,0
DA:65,0
DA:66,0
DA:67,0
DA:71,0
LF:37
LH:0
BRDA:19,0,0,0
BRDA:19,0,1,0
BRDA:27,1,0,0
BRDA:27,1,1,0
BRDA:60,2,0,0
BRDA:60,2,1,0
BRF:6
BRH:0
end_of_record
TN:
SF:src/config/passport.ts
FN:21,(anonymous_10)
FN:35,(anonymous_11)
FN:57,(anonymous_12)
FN:62,(anonymous_13)
FN:64,(anonymous_14)
FNF:5
FNH:0
FNDA:0,(anonymous_10)
FNDA:0,(anonymous_11)
FNDA:0,(anonymous_12)
FNDA:0,(anonymous_13)
FNDA:0,(anonymous_14)
DA:1,1
DA:2,1
DA:3,1
DA:4,1
DA:5,1
DA:6,1
DA:8,1
DA:9,0
DA:12,1
DA:14,1
DA:22,0
DA:24,0
DA:25,0
DA:27,0
DA:28,0
DA:32,0
DA:35,0
DA:36,0
DA:39,0
DA:40,0
DA:41,0
DA:42,0
DA:43,0
DA:47,0
DA:49,0
DA:50,0
DA:57,1
DA:58,0
DA:62,1
DA:63,0
DA:64,0
DA:65,0
DA:67,0
DA:68,0
DA:71,0
DA:73,0
DA:74,0
DA:78,1
LF:38
LH:12
BRDA:8,0,0,0
BRDA:8,1,0,1
BRDA:8,1,1,1
BRDA:12,2,0,1
BRDA:12,2,1,0
BRDA:27,3,0,0
BRDA:39,4,0,0
BRDA:67,5,0,0
BRF:8
BRH:3
end_of_record
TN:
SF:src/middleware/auth.ts
FN:6,requireAuth
FN:20,attachAuth
FNF:2
FNH:0
FNDA:0,requireAuth
FNDA:0,attachAuth
DA:6,0
DA:7,0
DA:8,0
DA:11,0
DA:20,0
DA:23,0
LF:6
LH:0
BRDA:7,0,0,0
BRF:1
BRH:0
end_of_record
TN:
SF:src/middleware/errorHandler.ts
FN:8,(anonymous_0)
FN:16,(anonymous_1)
FNF:2
FNH:0
FNDA:0,(anonymous_0)
FNDA:0,(anonymous_1)
DA:2,0
DA:4,0
DA:9,0
DA:10,0
DA:11,0
DA:12,0
DA:16,0
DA:22,0
DA:23,0
DA:24,0
DA:31,0
DA:32,0
DA:33,0
DA:36,0
LF:14
LH:0
BRDA:22,0,0,0
BRDA:32,1,0,0
BRF:2
BRH:0
end_of_record
TN:
SF:src/middleware/session.ts
FNF:0
FNH:0
DA:1,0
DA:3,0
DA:4,0
DA:7,0
DA:9,0
LF:5
LH:0
BRDA:3,0,0,0
BRDA:17,1,0,0
BRDA:17,1,1,0
BRF:3
BRH:0
end_of_record
TN:
SF:src/middleware/userContext.ts
FN:20,attachUserContext
FN:39,requireUserContext
FNF:2
FNH:1
FNDA:0,attachUserContext
FNDA:35,requireUserContext
DA:20,1
DA:21,0
DA:22,0
DA:25,0
DA:27,0
DA:32,0
DA:39,1
DA:40,35
DA:41,0
DA:47,35
LF:10
LH:4
BRDA:21,0,0,0
BRDA:21,1,0,0
BRDA:21,1,1,0
BRDA:40,2,0,0
BRF:4
BRH:0
end_of_record
TN:
SF:src/routes/auth.ts
FN:22,(anonymous_1)
FN:35,(anonymous_2)
FN:53,(anonymous_3)
FN:56,(anonymous_4)
FNF:4
FNH:3
FNDA:0,(anonymous_1)
FNDA:2,(anonymous_2)
FNDA:1,(anonymous_3)
FNDA:1,(anonymous_4)
DA:1,1
DA:2,1
DA:3,1
DA:5,1
DA:11,1
DA:19,1
DA:24,0
DA:26,0
DA:27,0
DA:35,1
DA:36,2
DA:37,2
DA:38,2
DA:41,0
DA:42,0
DA:53,1
DA:54,1
DA:56,1
DA:57,1
DA:58,0
DA:59,0
DA:60,0
DA:63,1
DA:64,1
DA:68,1
LF:25
LH:17
BRDA:26,0,0,0
BRDA:26,0,1,0
BRDA:36,1,0,2
BRDA:57,2,0,0
BRF:4
BRH:1
end_of_record
TN:
SF:src/routes/health.ts
FN:6,(anonymous_0)
FNF:1
FNH:0
FNDA:0,(anonymous_0)
DA:1,0
DA:2,0
DA:4,0
DA:6,0
DA:7,0
DA:9,0
DA:11,0
DA:18,0
DA:27,0
LF:9
LH:0
BRF:0
BRH:0
end_of_record
TN:
SF:src/routes/workstreams.ts
FN:26,(anonymous_0)
FN:53,(anonymous_1)
FN:85,(anonymous_2)
FN:145,(anonymous_3)
FN:201,(anonymous_4)
FN:232,(anonymous_5)
FN:263,(anonymous_6)
FNF:7
FNH:7
FNDA:6,(anonymous_0)
FNDA:4,(anonymous_1)
FNDA:9,(anonymous_2)
FNDA:9,(anonymous_3)
FNDA:2,(anonymous_4)
FNDA:2,(anonymous_5)
FNDA:3,(anonymous_6)
DA:1,1
DA:2,1
DA:3,1
DA:4,1
DA:13,1
DA:15,1
DA:18,1
DA:26,1
DA:27,6
DA:28,6
DA:29,6
DA:32,6
DA:34,6
DA:35,0
DA:36,0
DA:39,6
DA:40,6
DA:42,6
DA:44,0
DA:45,0
DA:53,1
DA:54,4
DA:55,4
DA:56,4
DA:59,4
DA:61,4
DA:62,0
DA:63,0
DA:66,4
DA:67,4
DA:69,4
DA:70,3
DA:71,3
DA:74,1
DA:76,0
DA:77,0
DA:85,1
DA:86,9
DA:87,9
DA:88,9
DA:91,9
DA:92,2
DA:93,2
DA:96,7
DA:97,1
DA:98,1
DA:101,6
DA:102,1
DA:103,1
DA:106,5
DA:107,1
DA:108,1
DA:111,4
DA:112,1
DA:113,1
DA:117,3
DA:119,3
DA:120,0
DA:121,0
DA:124,3
DA:125,3
DA:134,3
DA:136,0
DA:137,0
DA:145,1
DA:146,9
DA:147,9
DA:148,9
DA:149,9
DA:152,9
DA:153,6
DA:154,1
DA:155,1
DA:158,5
DA:159,1
DA:160,1
DA:164,7
DA:165,0
DA:166,0
DA:170,7
DA:172,7
DA:173,0
DA:174,0
DA:177,7
DA:178,7
DA:180,7
DA:181,7
DA:182,7
DA:184,7
DA:186,5
DA:188,2
DA:189,2
DA:190,2
DA:192,0
DA:193,0
DA:201,1
DA:202,2
DA:203,2
DA:204,2
DA:207,2
DA:209,2
DA:210,0
DA:211,0
DA:214,2
DA:215,2
DA:217,1
DA:219,1
DA:220,1
DA:221,1
DA:223,0
DA:224,0
DA:232,1
DA:233,2
DA:234,2
DA:235,2
DA:238,2
DA:240,2
DA:241,0
DA:242,0
DA:245,2
DA:246,2
DA:248,1
DA:250,1
DA:251,1
DA:252,1
DA:254,0
DA:255,0
DA:263,1
DA:264,3
DA:265,3
DA:266,3
DA:269,3
DA:271,3
DA:272,0
DA:273,0
DA:276,3
DA:277,3
DA:279,1
DA:281,2
DA:282,2
DA:283,2
DA:285,0
DA:286,0
DA:290,1
LF:144
LH:114
BRDA:34,0,0,0
BRDA:61,1,0,0
BRDA:69,2,0,3
BRDA:91,3,0,2
BRDA:91,4,0,9
BRDA:91,4,1,8
BRDA:91,4,2,8
BRDA:96,5,0,1
BRDA:101,6,0,1
BRDA:101,7,0,6
BRDA:101,7,1,2
BRDA:106,8,0,1
BRDA:106,9,0,5
BRDA:106,9,1,2
BRDA:111,10,0,1
BRDA:111,11,0,4
BRDA:111,11,1,2
BRDA:119,12,0,0
BRDA:152,13,0,6
BRDA:153,14,0,1
BRDA:153,15,0,6
BRDA:153,15,1,6
BRDA:158,16,0,1
BRDA:164,17,0,0
BRDA:164,18,0,7
BRDA:164,18,1,1
BRDA:164,18,2,1
BRDA:172,19,0,0
BRDA:180,20,0,4
BRDA:181,21,0,2
BRDA:182,22,0,1
BRDA:188,23,0,2
BRDA:209,24,0,0
BRDA:219,25,0,1
BRDA:240,26,0,0
BRDA:250,27,0,1
BRDA:271,28,0,0
BRDA:281,29,0,2
BRF:38
BRH:30
end_of_record
TN:
SF:src/services/personService.ts
FN:14,findPersonByEmail
FN:28,findPersonById
FN:42,createPerson
FN:64,getOrCreatePerson
FNF:4
FNH:4
FNDA:4,findPersonByEmail
FNDA:2,findPersonById
FNDA:3,createPerson
FNDA:2,getOrCreatePerson
DA:1,2
DA:2,2
DA:4,2
DA:14,2
DA:15,4
DA:16,4
DA:20,0
DA:21,0
DA:28,2
DA:29,2
DA:30,2
DA:34,0
DA:35,0
DA:42,2
DA:43,3
DA:44,3
DA:46,3
DA:53,2
DA:54,2
DA:56,1
DA:57,1
DA:64,2
DA:65,2
DA:66,2
DA:68,2
DA:69,1
DA:71,1
DA:74,2
DA:76,0
DA:77,0
LF:30
LH:24
BRDA:68,0,0,1
BRDA:68,0,1,1
BRF:2
BRH:2
end_of_record
TN:
SF:src/services/projectService.ts
FN:14,createProject
FN:36,getProjectsByPersonId
FN:51,getProjectById
FN:68,updateProject
FN:93,createDefaultProject
FNF:5
FNH:5
FNDA:3,createProject
FNDA:32,getProjectsByPersonId
FNDA:5,getProjectById
FNDA:2,updateProject
FNDA:2,createDefaultProject
DA:1,3
DA:2,3
DA:4,3
DA:14,3
DA:15,3
DA:16,3
DA:18,3
DA:25,3
DA:26,3
DA:28,0
DA:29,0
DA:36,3
DA:37,32
DA:38,32
DA:43,0
DA:44,0
DA:51,3
DA:52,5
DA:53,5
DA:60,0
DA:61,0
DA:68,3
DA:73,2
DA:75,2
DA:76,2
DA:77,1
DA:80,1
DA:85,1
DA:86,1
DA:93,3
DA:94,2
LF:31
LH:25
BRDA:76,0,0,1
BRF:1
BRH:1
end_of_record
TN:
SF:src/services/tagService.ts
FN:24,createTag
FN:48,getTagsByProjectId
FN:63,getTagById
FN:80,updateTag
FN:105,deleteTag
FN:128,createDefaultTags
FN:133,(anonymous_6)
FN:152,reorderTags
FN:158,(anonymous_8)
FN:172,(anonymous_9)
FNF:10
FNH:10
FNDA:14,createTag
FNDA:4,getTagsByProjectId
FNDA:9,getTagById
FNDA:4,updateTag
FNDA:3,deleteTag
FNDA:3,createDefaultTags
FNDA:12,(anonymous_6)
FNDA:2,reorderTags
FNDA:4,(anonymous_8)
FNDA:3,(anonymous_9)
DA:1,2
DA:2,2
DA:4,2
DA:14,2
DA:24,2
DA:25,14
DA:26,14
DA:28,14
DA:37,14
DA:38,14
DA:40,0
DA:41,0
DA:48,2
DA:49,4
DA:50,4
DA:55,0
DA:56,0
DA:63,2
DA:64,9
DA:65,9
DA:72,0
DA:73,0
DA:80,2
DA:85,4
DA:87,4
DA:88,4
DA:89,1
DA:92,3
DA:97,1
DA:98,1
DA:105,2
DA:106,3
DA:108,3
DA:109,3
DA:110,1
DA:114,2
DA:118,2
DA:120,1
DA:121,1
DA:128,2
DA:129,3
DA:130,3
DA:132,3
DA:134,12
DA:141,3
DA:142,3
DA:144,0
DA:145,0
DA:152,2
DA:156,2
DA:158,4
DA:159,2
DA:166,2
DA:167,1
DA:171,1
DA:173,3
DA:180,1
DA:182,1
DA:183,1
LF:59
LH:51
BRDA:33,0,0,14
BRDA:33,0,1,1
BRDA:88,1,0,1
BRDA:109,2,0,1
BRDA:166,3,0,1
BRF:5
BRH:5
end_of_record
TN:
SF:src/services/workstreamService.ts
FN:33,getWorkstreams
FN:62,(anonymous_1)
FN:78,getWorkstreamById
FN:121,createWorkstream
FN:126,(anonymous_4)
FN:162,updateWorkstream
FN:187,closeWorkstream
FN:211,reopenWorkstream
FN:238,deleteWorkstream
FNF:9
FNH:9
FNDA:12,getWorkstreams
FNDA:16,(anonymous_1)
FNDA:35,getWorkstreamById
FNDA:8,createWorkstream
FNDA:8,(anonymous_4)
FNDA:12,updateWorkstream
FNDA:4,closeWorkstream
FNDA:4,reopenWorkstream
FNDA:6,deleteWorkstream
DA:1,2
DA:2,2
DA:4,2
DA:33,2
DA:37,12
DA:38,12
DA:39,12
DA:40,4
DA:43,12
DA:62,12
DA:63,16
DA:64,16
DA:70,0
DA:71,0
DA:78,2
DA:82,35
DA:83,35
DA:103,35
DA:104,15
DA:107,20
DA:108,20
DA:113,0
DA:114,0
DA:121,2
DA:122,8
DA:123,8
DA:126,8
DA:127,8
DA:138,8
DA:139,2
DA:148,8
DA:151,8
DA:152,8
DA:154,0
DA:155,0
DA:162,2
DA:167,12
DA:169,12
DA:170,12
DA:171,3
DA:174,9
DA:179,3
DA:180,3
DA:187,2
DA:188,4
DA:190,4
DA:191,4
DA:192,2
DA:195,2
DA:203,2
DA:204,2
DA:211,2
DA:215,4
DA:217,4
DA:218,4
DA:219,2
DA:222,2
DA:230,2
DA:231,2
DA:238,2
DA:239,6
DA:241,6
DA:242,6
DA:243,3
DA:247,3
DA:251,3
DA:253,3
DA:254,3
LF:68
LH:62
BRDA:39,0,0,4
BRDA:66,1,0,16
BRDA:66,1,1,14
BRDA:103,2,0,15
BRDA:110,3,0,20
BRDA:110,3,1,18
BRDA:138,4,0,2
BRDA:170,5,0,3
BRDA:191,6,0,2
BRDA:218,7,0,2
BRDA:242,8,0,3
BRF:11
BRH:11
end_of_record
TN:
SF:src/utils/db.ts
FN:14,(anonymous_0)
FN:22,(anonymous_1)
FN:25,(anonymous_2)
FN:31,(anonymous_3)
FNF:4
FNH:0
FNDA:0,(anonymous_0)
FNDA:0,(anonymous_1)
FNDA:0,(anonymous_2)
FNDA:0,(anonymous_3)
DA:1,0
DA:2,0
DA:4,0
DA:13,0
DA:14,0
DA:15,0
DA:16,0
DA:21,0
DA:23,0
DA:26,0
DA:27,0
DA:31,0
DA:32,0
DA:33,0
DA:36,0
LF:15
LH:0
BRDA:13,0,0,0
BRF:1
BRH:0
end_of_record
TN:
SF:src/utils/logger.ts
FN:4,(anonymous_0)
FN:8,(anonymous_1)
FN:29,(anonymous_2)
FN:33,(anonymous_3)
FN:37,(anonymous_4)
FN:49,(anonymous_5)
FNF:6
FNH:4
FNDA:84,(anonymous_0)
FNDA:84,(anonymous_1)
FNDA:69,(anonymous_2)
FNDA:0,(anonymous_3)
FNDA:15,(anonymous_4)
FNDA:0,(anonymous_5)
DA:5,84
DA:9,84
DA:10,84
DA:12,84
DA:14,15
DA:15,15
DA:17,0
DA:18,0
DA:20,0
DA:21,0
DA:23,0
DA:25,69
DA:30,69
DA:34,0
DA:38,15
DA:39,15
DA:40,15
DA:41,15
DA:43,0
DA:46,15
DA:50,0
DA:54,6
LF:22
LH:14
BRDA:12,0,0,15
BRDA:12,0,1,0
BRDA:12,0,2,0
BRDA:12,0,3,69
BRDA:20,1,0,0
BRDA:39,2,0,15
BRDA:40,3,0,15
BRDA:40,3,1,0
BRF:8
BRH:4
end_of_record
